<?xml version="1.0" encoding="UTF-8"?>
<testsuite name="com.quizengine.dao.ResponseDAOTest" tests="6" skipped="0" failures="0" errors="0" timestamp="2026-03-29T01:40:48.005Z" hostname="LAPPY" time="0.012">
  <properties/>
  <testcase name="getBySessionId_returnsMultipleResponses()" classname="com.quizengine.dao.ResponseDAOTest" time="0.002"/>
  <testcase name="insertAndRetrieve_returnsResponse()" classname="com.quizengine.dao.ResponseDAOTest" time="0.001"/>
  <testcase name="getBySessionId_wrongSession_returnsEmpty()" classname="com.quizengine.dao.ResponseDAOTest" time="0.001"/>
  <testcase name="insert_skipsDuplicate()" classname="com.quizengine.dao.ResponseDAOTest" time="0.002"/>
  <testcase name="deleteBySessionId_removesResponses()" classname="com.quizengine.dao.ResponseDAOTest" time="0.002"/>
  <testcase name="insert_incorrectResponse_storedCorrectly()" classname="com.quizengine.dao.ResponseDAOTest" time="0.002"/>
  <system-out><![CDATA[]]></system-out>
  <system-err><![CDATA[]]></system-err>
</testsuite>
