<?xml version="1.0" encoding="UTF-8"?>
<testsuite name="com.quizengine.model.ModelTest" tests="5" skipped="0" failures="0" errors="0" timestamp="2026-03-29T01:40:48.033Z" hostname="LAPPY" time="0.007">
  <properties/>
  <testcase name="question_settersAndGetters_workCorrectly()" classname="com.quizengine.model.ModelTest" time="0.0"/>
  <testcase name="quizResponse_settersAndGetters_workCorrectly()" classname="com.quizengine.model.ModelTest" time="0.0"/>
  <testcase name="quizSession_settersAndGetters_workCorrectly()" classname="com.quizengine.model.ModelTest" time="0.0"/>
  <testcase name="quizResponse_incorrectAnswer_setCorrectly()" classname="com.quizengine.model.ModelTest" time="0.001"/>
  <testcase name="question_toString_containsId()" classname="com.quizengine.model.ModelTest" time="0.003"/>
  <system-out><![CDATA[]]></system-out>
  <system-err><![CDATA[]]></system-err>
</testsuite>
