<?xml version="1.0" encoding="UTF-8"?>
<testsuite name="com.quizengine.dao.DatabaseManagerTest" tests="3" skipped="0" failures="0" errors="0" timestamp="2026-03-29T01:40:47.483Z" hostname="LAPPY" time="0.487">
  <properties/>
  <testcase name="create_andInitSchema_succeeds()" classname="com.quizengine.dao.DatabaseManagerTest" time="0.337"/>
  <testcase name="getConnection_returnsValidConnection()" classname="com.quizengine.dao.DatabaseManagerTest" time="0.068"/>
  <testcase name="initSchema_createsQuestionsTable()" classname="com.quizengine.dao.DatabaseManagerTest" time="0.081"/>
  <system-out><![CDATA[]]></system-out>
  <system-err><![CDATA[SLF4J: Failed to load class "org.slf4j.impl.StaticLoggerBinder".
SLF4J: Defaulting to no-operation (NOP) logger implementation
SLF4J: See http://www.slf4j.org/codes.html#StaticLoggerBinder for further details.
]]></system-err>
</testsuite>
