<?xml version="1.0" encoding="UTF-8"?>
<testsuite name="com.quizengine.dao.SessionDAOTest" tests="6" skipped="0" failures="0" errors="0" timestamp="2026-03-29T01:40:48.019Z" hostname="LAPPY" time="0.013">
  <properties/>
  <testcase name="deleteBefore_removesOldSessions()" classname="com.quizengine.dao.SessionDAOTest" time="0.002"/>
  <testcase name="getAll_returnsAllSessions()" classname="com.quizengine.dao.SessionDAOTest" time="0.002"/>
  <testcase name="insertAndRetrieve_returnsSession()" classname="com.quizengine.dao.SessionDAOTest" time="0.001"/>
  <testcase name="deleteById_removesSession()" classname="com.quizengine.dao.SessionDAOTest" time="0.001"/>
  <testcase name="deleteAll_removesAllSessions()" classname="com.quizengine.dao.SessionDAOTest" time="0.003"/>
  <testcase name="update_changesScore()" classname="com.quizengine.dao.SessionDAOTest" time="0.002"/>
  <system-out><![CDATA[]]></system-out>
  <system-err><![CDATA[]]></system-err>
</testsuite>
